[dhdDelta():10.15.31.0008] - Did not find FalconCommon.txt
[dhdComUSB::dhdComUSB():10.15.31.0009] - Constructor
[dhdDelta():10.15.31.0011] - Did not find FalconCommon.txt
[dhdComUSB::dhdComUSB():10.15.31.0011] - Constructor
[dhdDelta():10.15.31.0013] - Did not find FalconCommon.txt
[dhdComUSB::dhdComUSB():10.15.31.0014] - Constructor
[dhdDelta():10.15.31.0016] - Did not find FalconCommon.txt
[dhdComUSB::dhdComUSB():10.15.31.0016] - Constructor
[dhdDelta():10.15.31.0018] - Did not find FalconCommon.txt
[dhdComUSB::dhdComUSB():10.15.31.0018] - Constructor
[dhdDelta():10.15.31.0020] - Did not find FalconCommon.txt
[dhdComUSB::dhdComUSB():10.15.31.0020] - Constructor
[dhdDelta():10.15.31.0022] - Did not find FalconCommon.txt
[dhdComUSB::dhdComUSB():10.15.31.0022] - Constructor
[dhdDelta():10.15.31.0024] - Did not find FalconCommon.txt
[dhdComUSB::dhdComUSB():10.15.31.0024] - Constructor
[dhdDelta():10.15.31.0026] - Did not find FalconCommon.txt
[dhdComUSB::dhdComUSB():10.15.31.0026] - Constructor
[dhdDelta():10.15.31.0028] - Did not find FalconCommon.txt
[dhdComUSB::dhdComUSB():10.15.31.0028] - Constructor
[dhdOpenWithReset():10.15.31.0381] - currentDevice = 0, l_serNum = 1500119F, is NOT smart
[dhdOpenWithReset():10.15.31.0547] - l_serNum after getFileName = 1500119F
[dhdOpenWithReset():10.15.31.0549] - Found falcon_12_0101.bin at C:\Program Files (x86)\Novint\Falcon\HDAL\bin\falcon_12_0101.bin
[dhdOpenWithReset():10.15.31.0550] - comUSB[0]open(1500119F, C:\Program Files (x86)\Novint\Falcon\HDAL\bin\falcon_12_0101.bin, False)
[dhdComUSB::open():10.15.31.0550] - Open(C:\Program Files (x86)\Novint\Falcon\HDAL\bin\falcon_12_0101.bin, false)
[dhdComUSB::open():10.15.31.0580] - OpenUSBPort succeeded after 1 tries
[dhdComUSB::open():10.15.31.0580] - deviceType = 0
[dhdComUSB::open():10.15.31.0580] - deviceID   = 67357512d
[dhdComUSB::open():10.15.31.0580] - deviceSN   = 1500119F
[dhdComUSB::open():10.15.31.0580] - deviceDesc = FALCON HAPTIC
[dhdComUSB::OpenDeviceCommunications():10.15.31.0590] - Set Baud Rate Status: 0
[dhdComUSB::OpenDeviceCommunications():10.15.31.0899] - update() okay after 1 updates
[dhdComUSB::OpenDeviceCommunications():10.15.31.0900] - Returning 0
[dhdComUSB::changeGrip():10.15.31.2900] - New Grip: G_A
[dhdComUSB::changeGrip():10.15.31.2901] - Started grip change
[changeGripThreadFunc::10.15.31.2905] - deleting old grip object
[changeGripThreadFunc::10.15.31.2906] - Loading grip type G_A
[changeGripThreadFunc::10.15.31.2918] - Loading delta
[dhdDelta():10.15.31.2921] - Did not find FalconCommon.txt
[changeGripThreadFunc::10.15.31.2921] - Done loading new grip
[dhdComUSB::processData():10.15.31.3281] - G_A
[dhdComUSB::tryCalibration():10.15.31.4501] - HomeDisabled, LED Blue
[dhdComUSB::processData():10.15.31.7428] - G_A
[dhdComUSB::processData():10.15.34.5283] - G_A
[dhdComUSB::processData():10.15.35.0292] - G_A
[dhdComUSB::processData():10.15.35.5302] - G_A
[dhdComUSB::processData():10.15.37.0313] - G_A
[dhdComUSB::processData():10.15.40.5355] - G_A
[dhdComUSB::processData():10.15.42.0366] - G_A
[dhdComUSB::processData():10.15.42.5368] - G_A
[dhdComUSB::processData():10.15.44.5398] - G_A
[dhdComUSB::processData():10.15.45.5408] - G_A
[dhdComUSB::processData():10.15.46.0412] - G_A
[dhdComUSB::processData():10.15.46.5420] - G_A
[dhdComUSB::processData():10.15.47.0419] - G_A
[dhdComUSB::processData():10.15.48.5433] - G_A
[dhdComUSB::processData():10.15.50.0442] - G_A
[dhdComUSB::processData():10.15.50.5451] - G_A
[dhdComUSB::processData():10.15.51.0451] - G_A
[dhdComUSB::processData():10.15.51.5463] - G_A
[dhdComUSB::dhdComUSB():10.15.55.5383] - Constructor
[dhdComUSB::close():10.15.55.5383] - Closed
[dhdOpenWithReset():10.32.37.7479] - currentDevice = 0, l_serNum = 1500119F, is NOT smart
[dhdOpenWithReset():10.32.37.8770] - l_serNum after getFileName = 1500119F
[dhdOpenWithReset():10.32.37.8777] - Found falcon_12_0101.bin at C:\Program Files (x86)\Novint\Falcon\HDAL\bin\falcon_12_0101.bin
[dhdOpenWithReset():10.32.37.8778] - comUSB[0]open(1500119F, C:\Program Files (x86)\Novint\Falcon\HDAL\bin\falcon_12_0101.bin, False)
[dhdComUSB::open():10.32.37.8779] - Open(C:\Program Files (x86)\Novint\Falcon\HDAL\bin\falcon_12_0101.bin, false)
[dhdComUSB::open():10.32.37.8929] - OpenUSBPort succeeded after 1 tries
[dhdComUSB::open():10.32.37.8930] - deviceType = 0
[dhdComUSB::open():10.32.37.8930] - deviceID   = 67357512d
[dhdComUSB::open():10.32.37.8931] - deviceSN   = 1500119F
[dhdComUSB::open():10.32.37.8931] - deviceDesc = FALCON HAPTIC
[dhdComUSB::open():10.32.38.8940] - Starting Download
[dhdComUSB::DownloadCode():10.32.38.9310] - SetUSBParameters(1C313F38,128,128)
[dhdComUSB::DownloadCode():10.32.38.9421] - Read 128 bytes
[dhdComUSB::DownloadCode():10.32.38.9422] - Sent 128 bytes
[dhdComUSB::DownloadCode():10.32.38.9538] - 128 chars available
[dhdComUSB::DownloadCode():10.32.38.9609] - ReadFile done
[dhdComUSB::DownloadCode():10.32.38.9610] - Read 128 bytes
[dhdComUSB::DownloadCode():10.32.38.9611] - Sent 128 bytes
[dhdComUSB::DownloadCode():10.32.38.9728] - 128 chars available
[dhdComUSB::DownloadCode():10.32.38.9799] - ReadFile done
[dhdComUSB::DownloadCode():10.32.38.9800] - Read 128 bytes
[dhdComUSB::DownloadCode():10.32.38.9801] - Sent 128 bytes
[dhdComUSB::DownloadCode():10.32.38.9918] - 128 chars available
[dhdComUSB::DownloadCode():10.32.38.9989] - ReadFile done
[dhdComUSB::DownloadCode():10.32.38.9990] - Read 128 bytes
[dhdComUSB::DownloadCode():10.32.38.9991] - Sent 128 bytes
[dhdComUSB::DownloadCode():10.32.39.0108] - 128 chars available
[dhdComUSB::DownloadCode():10.32.39.0179] - ReadFile done
[dhdComUSB::DownloadCode():10.32.39.0180] - Read 128 bytes
[dhdComUSB::DownloadCode():10.32.39.0181] - Sent 128 bytes
[dhdComUSB::DownloadCode():10.32.39.0298] - 128 chars available
[dhdComUSB::DownloadCode():10.32.39.0369] - ReadFile done
[dhdComUSB::DownloadCode():10.32.39.0370] - Read 128 bytes
[dhdComUSB::DownloadCode():10.32.39.0371] - Sent 128 bytes
[dhdComUSB::DownloadCode():10.32.39.0488] - 128 chars available
[dhdComUSB::DownloadCode():10.32.39.0558] - ReadFile done
[dhdComUSB::DownloadCode():10.32.39.0559] - Read 128 bytes
[dhdComUSB::DownloadCode():10.32.39.0560] - Sent 128 bytes
[dhdComUSB::DownloadCode():10.32.39.0677] - 128 chars available
[dhdComUSB::DownloadCode():10.32.39.0750] - ReadFile done
[dhdComUSB::DownloadCode():10.32.39.0752] - Read 128 bytes
[dhdComUSB::DownloadCode():10.32.39.0753] - Sent 128 bytes
[dhdComUSB::DownloadCode():10.32.39.0878] - 128 chars available
[dhdComUSB::DownloadCode():10.32.39.0949] - ReadFile done
[dhdComUSB::DownloadCode():10.32.39.0950] - Read 128 bytes
[dhdComUSB::DownloadCode():10.32.39.0951] - Sent 128 bytes
[dhdComUSB::DownloadCode():10.32.39.1068] - 128 chars available
[dhdComUSB::DownloadCode():10.32.39.1140] - ReadFile done
[dhdComUSB::DownloadCode():10.32.39.1140] - Read 128 bytes
[dhdComUSB::DownloadCode():10.32.39.1141] - Sent 128 bytes
[dhdComUSB::DownloadCode():10.32.39.1257] - 128 chars available
[dhdComUSB::DownloadCode():10.32.39.1329] - ReadFile done
[dhdComUSB::DownloadCode():10.32.39.1330] - Read 128 bytes
[dhdComUSB::DownloadCode():10.32.39.1331] - Sent 128 bytes
[dhdComUSB::DownloadCode():10.32.39.1448] - 128 chars available
[dhdComUSB::DownloadCode():10.32.39.1518] - ReadFile done
[dhdComUSB::DownloadCode():10.32.39.1519] - Read 128 bytes
[dhdComUSB::DownloadCode():10.32.39.1520] - Sent 128 bytes
[dhdComUSB::DownloadCode():10.32.39.1638] - 128 chars available
[dhdComUSB::DownloadCode():10.32.39.1709] - ReadFile done
[dhdComUSB::DownloadCode():10.32.39.1710] - Read 128 bytes
[dhdComUSB::DownloadCode():10.32.39.1711] - Sent 128 bytes
[dhdComUSB::DownloadCode():10.32.39.1828] - 128 chars available
[dhdComUSB::DownloadCode():10.32.39.1899] - ReadFile done
[dhdComUSB::DownloadCode():10.32.39.1900] - Read 128 bytes
[dhdComUSB::DownloadCode():10.32.39.1901] - Sent 128 bytes
[dhdComUSB::DownloadCode():10.32.39.2017] - 128 chars available
[dhdComUSB::DownloadCode():10.32.39.2089] - ReadFile done
[dhdComUSB::DownloadCode():10.32.39.2090] - Read 128 bytes
[dhdComUSB::DownloadCode():10.32.39.2091] - Sent 128 bytes
[dhdComUSB::DownloadCode():10.32.39.2208] - 128 chars available
[dhdComUSB::DownloadCode():10.32.39.2280] - ReadFile done
[dhdComUSB::DownloadCode():10.32.39.2280] - Read 128 bytes
[dhdComUSB::DownloadCode():10.32.39.2281] - Sent 128 bytes
[dhdComUSB::DownloadCode():10.32.39.2398] - 128 chars available
[dhdComUSB::DownloadCode():10.32.39.2469] - ReadFile done
[dhdComUSB::DownloadCode():10.32.39.2470] - Read 128 bytes
[dhdComUSB::DownloadCode():10.32.39.2471] - Sent 128 bytes
[dhdComUSB::DownloadCode():10.32.39.2587] - 128 chars available
[dhdComUSB::DownloadCode():10.32.39.2658] - ReadFile done
[dhdComUSB::DownloadCode():10.32.39.2659] - Read 128 bytes
[dhdComUSB::DownloadCode():10.32.39.2660] - Sent 128 bytes
[dhdComUSB::DownloadCode():10.32.39.2777] - 128 chars available
[dhdComUSB::DownloadCode():10.32.39.2847] - ReadFile done
[dhdComUSB::DownloadCode():10.32.39.2848] - Read 128 bytes
[dhdComUSB::DownloadCode():10.32.39.2849] - Sent 128 bytes
[dhdComUSB::DownloadCode():10.32.39.2967] - 128 chars available
[dhdComUSB::DownloadCode():10.32.39.3038] - ReadFile done
[dhdComUSB::DownloadCode():10.32.39.3039] - Read 128 bytes
[dhdComUSB::DownloadCode():10.32.39.3040] - Sent 128 bytes
[dhdComUSB::DownloadCode():10.32.39.3157] - 128 chars available
[dhdComUSB::DownloadCode():10.32.39.3227] - ReadFile done
[dhdComUSB::DownloadCode():10.32.39.3228] - Read 128 bytes
[dhdComUSB::DownloadCode():10.32.39.3229] - Sent 128 bytes
[dhdComUSB::DownloadCode():10.32.39.3348] - 128 chars available
[dhdComUSB::DownloadCode():10.32.39.3417] - ReadFile done
[dhdComUSB::DownloadCode():10.32.39.3418] - Read 128 bytes
[dhdComUSB::DownloadCode():10.32.39.3419] - Sent 128 bytes
[dhdComUSB::DownloadCode():10.32.39.3537] - 128 chars available
[dhdComUSB::DownloadCode():10.32.39.3608] - ReadFile done
[dhdComUSB::DownloadCode():10.32.39.3609] - Read 128 bytes
[dhdComUSB::DownloadCode():10.32.39.3610] - Sent 128 bytes
[dhdComUSB::DownloadCode():10.32.39.3728] - 128 chars available
[dhdComUSB::DownloadCode():10.32.39.3798] - ReadFile done
[dhdComUSB::DownloadCode():10.32.39.3799] - Read 128 bytes
[dhdComUSB::DownloadCode():10.32.39.3800] - Sent 128 bytes
[dhdComUSB::DownloadCode():10.32.39.3917] - 128 chars available
[dhdComUSB::DownloadCode():10.32.39.3988] - ReadFile done
[dhdComUSB::DownloadCode():10.32.39.3989] - Read 128 bytes
[dhdComUSB::DownloadCode():10.32.39.3990] - Sent 128 bytes
[dhdComUSB::DownloadCode():10.32.39.4107] - 128 chars available
[dhdComUSB::DownloadCode():10.32.39.4178] - ReadFile done
[dhdComUSB::DownloadCode():10.32.39.4179] - Read 128 bytes
[dhdComUSB::DownloadCode():10.32.39.4180] - Sent 128 bytes
[dhdComUSB::DownloadCode():10.32.39.4297] - 128 chars available
[dhdComUSB::DownloadCode():10.32.39.4368] - ReadFile done
[dhdComUSB::DownloadCode():10.32.39.4369] - Read 128 bytes
[dhdComUSB::DownloadCode():10.32.39.4370] - Sent 128 bytes
[dhdComUSB::DownloadCode():10.32.39.4487] - 128 chars available
[dhdComUSB::DownloadCode():10.32.39.4548] - ReadFile done
[dhdComUSB::DownloadCode():10.32.39.4553] - Read 128 bytes
[dhdComUSB::DownloadCode():10.32.39.4554] - Sent 128 bytes
[dhdComUSB::DownloadCode():10.32.39.4677] - 128 chars available
[dhdComUSB::DownloadCode():10.32.39.4738] - ReadFile done
[dhdComUSB::DownloadCode():10.32.39.4738] - Read 128 bytes
[dhdComUSB::DownloadCode():10.32.39.4738] - Sent 128 bytes
[dhdComUSB::DownloadCode():10.32.39.4857] - 128 chars available
[dhdComUSB::DownloadCode():10.32.39.4917] - ReadFile done
[dhdComUSB::DownloadCode():10.32.39.4917] - Read 128 bytes
[dhdComUSB::DownloadCode():10.32.39.4918] - Sent 128 bytes
[dhdComUSB::DownloadCode():10.32.39.5037] - 128 chars available
[dhdComUSB::DownloadCode():10.32.39.5098] - ReadFile done
[dhdComUSB::DownloadCode():10.32.39.5098] - Read 128 bytes
[dhdComUSB::DownloadCode():10.32.39.5099] - Sent 128 bytes
[dhdComUSB::DownloadCode():10.32.39.5217] - 128 chars available
[dhdComUSB::DownloadCode():10.32.39.5277] - ReadFile done
[dhdComUSB::DownloadCode():10.32.39.5277] - Read 128 bytes
[dhdComUSB::DownloadCode():10.32.39.5278] - Sent 128 bytes
[dhdComUSB::DownloadCode():10.32.39.5397] - 128 chars available
[dhdComUSB::DownloadCode():10.32.39.5457] - ReadFile done
[dhdComUSB::DownloadCode():10.32.39.5458] - Read 128 bytes
[dhdComUSB::DownloadCode():10.32.39.5458] - Sent 128 bytes
[dhdComUSB::DownloadCode():10.32.39.5577] - 128 chars available
[dhdComUSB::DownloadCode():10.32.39.5638] - ReadFile done
[dhdComUSB::DownloadCode():10.32.39.5638] - Read 128 bytes
[dhdComUSB::DownloadCode():10.32.39.5639] - Sent 128 bytes
[dhdComUSB::DownloadCode():10.32.39.5757] - 128 chars available
[dhdComUSB::DownloadCode():10.32.39.5817] - ReadFile done
[dhdComUSB::DownloadCode():10.32.39.5817] - Read 128 bytes
[dhdComUSB::DownloadCode():10.32.39.5818] - Sent 128 bytes
[dhdComUSB::DownloadCode():10.32.39.5937] - 128 chars available
[dhdComUSB::DownloadCode():10.32.39.5998] - ReadFile done
[dhdComUSB::DownloadCode():10.32.39.5998] - Read 128 bytes
[dhdComUSB::DownloadCode():10.32.39.5999] - Sent 128 bytes
[dhdComUSB::DownloadCode():10.32.39.6118] - 128 chars available
[dhdComUSB::DownloadCode():10.32.39.6177] - ReadFile done
[dhdComUSB::DownloadCode():10.32.39.6177] - Read 128 bytes
[dhdComUSB::DownloadCode():10.32.39.6178] - Sent 128 bytes
[dhdComUSB::DownloadCode():10.32.39.6298] - 128 chars available
[dhdComUSB::DownloadCode():10.32.39.6358] - ReadFile done
[dhdComUSB::DownloadCode():10.32.39.6358] - Read 128 bytes
[dhdComUSB::DownloadCode():10.32.39.6359] - Sent 128 bytes
[dhdComUSB::DownloadCode():10.32.39.6477] - 128 chars available
[dhdComUSB::DownloadCode():10.32.39.6538] - ReadFile done
[dhdComUSB::DownloadCode():10.32.39.6538] - Read 128 bytes
[dhdComUSB::DownloadCode():10.32.39.6539] - Sent 128 bytes
[dhdComUSB::DownloadCode():10.32.39.6657] - 128 chars available
[dhdComUSB::DownloadCode():10.32.39.6718] - ReadFile done
[dhdComUSB::DownloadCode():10.32.39.6718] - Read 128 bytes
[dhdComUSB::DownloadCode():10.32.39.6719] - Sent 128 bytes
[dhdComUSB::DownloadCode():10.32.39.6837] - 128 chars available
[dhdComUSB::DownloadCode():10.32.39.6897] - ReadFile done
[dhdComUSB::DownloadCode():10.32.39.6897] - Read 128 bytes
[dhdComUSB::DownloadCode():10.32.39.6898] - Sent 128 bytes
[dhdComUSB::DownloadCode():10.32.39.7017] - 128 chars available
[dhdComUSB::DownloadCode():10.32.39.7077] - ReadFile done
[dhdComUSB::DownloadCode():10.32.39.7077] - Read 128 bytes
[dhdComUSB::DownloadCode():10.32.39.7078] - Sent 128 bytes
[dhdComUSB::DownloadCode():10.32.39.7197] - 128 chars available
[dhdComUSB::DownloadCode():10.32.39.7257] - ReadFile done
[dhdComUSB::DownloadCode():10.32.39.7258] - Read 128 bytes
[dhdComUSB::DownloadCode():10.32.39.7258] - Sent 128 bytes
[dhdComUSB::DownloadCode():10.32.39.7377] - 128 chars available
[dhdComUSB::DownloadCode():10.32.39.7437] - ReadFile done
[dhdComUSB::DownloadCode():10.32.39.7437] - Read 128 bytes
[dhdComUSB::DownloadCode():10.32.39.7438] - Sent 128 bytes
[dhdComUSB::DownloadCode():10.32.39.7557] - 128 chars available
[dhdComUSB::DownloadCode():10.32.39.7617] - ReadFile done
[dhdComUSB::DownloadCode():10.32.39.7618] - Read 128 bytes
[dhdComUSB::DownloadCode():10.32.39.7618] - Sent 128 bytes
[dhdComUSB::DownloadCode():10.32.39.7737] - 128 chars available
[dhdComUSB::DownloadCode():10.32.39.7798] - ReadFile done
[dhdComUSB::DownloadCode():10.32.39.7798] - Read 128 bytes
[dhdComUSB::DownloadCode():10.32.39.7799] - Sent 128 bytes
[dhdComUSB::DownloadCode():10.32.39.7917] - 128 chars available
[dhdComUSB::DownloadCode():10.32.39.7977] - ReadFile done
[dhdComUSB::DownloadCode():10.32.39.7977] - Read 128 bytes
[dhdComUSB::DownloadCode():10.32.39.7978] - Sent 128 bytes
[dhdComUSB::DownloadCode():10.32.39.8098] - 128 chars available
[dhdComUSB::DownloadCode():10.32.39.8157] - ReadFile done
[dhdComUSB::DownloadCode():10.32.39.8157] - Read 128 bytes
[dhdComUSB::DownloadCode():10.32.39.8158] - Sent 128 bytes
[dhdComUSB::DownloadCode():10.32.39.8278] - 128 chars available
[dhdComUSB::DownloadCode():10.32.39.8338] - ReadFile done
[dhdComUSB::DownloadCode():10.32.39.8338] - Read 128 bytes
[dhdComUSB::DownloadCode():10.32.39.8339] - Sent 128 bytes
[dhdComUSB::DownloadCode():10.32.39.8457] - 128 chars available
[dhdComUSB::DownloadCode():10.32.39.8517] - ReadFile done
[dhdComUSB::DownloadCode():10.32.39.8518] - Read 128 bytes
[dhdComUSB::DownloadCode():10.32.39.8519] - Sent 128 bytes
[dhdComUSB::DownloadCode():10.32.39.8637] - 128 chars available
[dhdComUSB::DownloadCode():10.32.39.8699] - ReadFile done
[dhdComUSB::DownloadCode():10.32.39.8699] - Read 128 bytes
[dhdComUSB::DownloadCode():10.32.39.8700] - Sent 128 bytes
[dhdComUSB::DownloadCode():10.32.39.8827] - 128 chars available
[dhdComUSB::DownloadCode():10.32.39.8889] - ReadFile done
[dhdComUSB::DownloadCode():10.32.39.8890] - Read 128 bytes
[dhdComUSB::DownloadCode():10.32.39.8890] - Sent 128 bytes
[dhdComUSB::DownloadCode():10.32.39.9017] - 128 chars available
[dhdComUSB::DownloadCode():10.32.39.9089] - ReadFile done
[dhdComUSB::DownloadCode():10.32.39.9090] - Read 128 bytes
[dhdComUSB::DownloadCode():10.32.39.9091] - Sent 128 bytes
[dhdComUSB::DownloadCode():10.32.39.9218] - 128 chars available
[dhdComUSB::DownloadCode():10.32.39.9289] - ReadFile done
[dhdComUSB::DownloadCode():10.32.39.9290] - Read 128 bytes
[dhdComUSB::DownloadCode():10.32.39.9291] - Sent 128 bytes
[dhdComUSB::DownloadCode():10.32.39.9418] - 128 chars available
[dhdComUSB::DownloadCode():10.32.39.9489] - ReadFile done
[dhdComUSB::DownloadCode():10.32.39.9490] - Read 128 bytes
[dhdComUSB::DownloadCode():10.32.39.9491] - Sent 128 bytes
[dhdComUSB::DownloadCode():10.32.39.9618] - 128 chars available
[dhdComUSB::DownloadCode():10.32.39.9688] - ReadFile done
[dhdComUSB::DownloadCode():10.32.39.9689] - Read 128 bytes
[dhdComUSB::DownloadCode():10.32.39.9690] - Sent 128 bytes
[dhdComUSB::DownloadCode():10.32.39.9818] - 128 chars available
[dhdComUSB::DownloadCode():10.32.39.9889] - ReadFile done
[dhdComUSB::DownloadCode():10.32.39.9890] - Read 128 bytes
[dhdComUSB::DownloadCode():10.32.39.9891] - Sent 128 bytes
[dhdComUSB::DownloadCode():10.32.40.0017] - 128 chars available
[dhdComUSB::DownloadCode():10.32.40.0089] - ReadFile done
[dhdComUSB::DownloadCode():10.32.40.0090] - Read 128 bytes
[dhdComUSB::DownloadCode():10.32.40.0091] - Sent 128 bytes
[dhdComUSB::DownloadCode():10.32.40.0218] - 128 chars available
[dhdComUSB::DownloadCode():10.32.40.0289] - ReadFile done
[dhdComUSB::DownloadCode():10.32.40.0290] - Read 128 bytes
[dhdComUSB::DownloadCode():10.32.40.0291] - Sent 128 bytes
[dhdComUSB::DownloadCode():10.32.40.0417] - 128 chars available
[dhdComUSB::DownloadCode():10.32.40.0490] - ReadFile done
[dhdComUSB::DownloadCode():10.32.40.0490] - Read 128 bytes
[dhdComUSB::DownloadCode():10.32.40.0491] - Sent 128 bytes
[dhdComUSB::DownloadCode():10.32.40.0608] - 128 chars available
[dhdComUSB::DownloadCode():10.32.40.0680] - ReadFile done
[dhdComUSB::DownloadCode():10.32.40.0680] - Read 128 bytes
[dhdComUSB::DownloadCode():10.32.40.0681] - Sent 128 bytes
[dhdComUSB::DownloadCode():10.32.40.0797] - 128 chars available
[dhdComUSB::DownloadCode():10.32.40.0870] - ReadFile done
[dhdComUSB::DownloadCode():10.32.40.0871] - Read 128 bytes
[dhdComUSB::DownloadCode():10.32.40.0872] - Sent 128 bytes
[dhdComUSB::DownloadCode():10.32.40.0988] - 128 chars available
[dhdComUSB::DownloadCode():10.32.40.1058] - ReadFile done
[dhdComUSB::DownloadCode():10.32.40.1059] - Read 128 bytes
[dhdComUSB::DownloadCode():10.32.40.1060] - Sent 128 bytes
[dhdComUSB::DownloadCode():10.32.40.1178] - 128 chars available
[dhdComUSB::DownloadCode():10.32.40.1249] - ReadFile done
[dhdComUSB::DownloadCode():10.32.40.1250] - Read 128 bytes
[dhdComUSB::DownloadCode():10.32.40.1251] - Sent 128 bytes
[dhdComUSB::DownloadCode():10.32.40.1368] - 128 chars available
[dhdComUSB::DownloadCode():10.32.40.1439] - ReadFile done
[dhdComUSB::DownloadCode():10.32.40.1440] - Read 128 bytes
[dhdComUSB::DownloadCode():10.32.40.1441] - Sent 128 bytes
[dhdComUSB::DownloadCode():10.32.40.1557] - 128 chars available
[dhdComUSB::DownloadCode():10.32.40.1628] - ReadFile done
[dhdComUSB::DownloadCode():10.32.40.1629] - Read 128 bytes
[dhdComUSB::DownloadCode():10.32.40.1630] - Sent 128 bytes
[dhdComUSB::DownloadCode():10.32.40.1748] - 128 chars available
[dhdComUSB::DownloadCode():10.32.40.1818] - ReadFile done
[dhdComUSB::DownloadCode():10.32.40.1818] - Read 128 bytes
[dhdComUSB::DownloadCode():10.32.40.1820] - Sent 128 bytes
[dhdComUSB::DownloadCode():10.32.40.1937] - 128 chars available
[dhdComUSB::DownloadCode():10.32.40.2010] - ReadFile done
[dhdComUSB::DownloadCode():10.32.40.2010] - Read 128 bytes
[dhdComUSB::DownloadCode():10.32.40.2011] - Sent 128 bytes
[dhdComUSB::DownloadCode():10.32.40.2128] - 128 chars available
[dhdComUSB::DownloadCode():10.32.40.2199] - ReadFile done
[dhdComUSB::DownloadCode():10.32.40.2200] - Read 128 bytes
[dhdComUSB::DownloadCode():10.32.40.2201] - Sent 128 bytes
[dhdComUSB::DownloadCode():10.32.40.2318] - 128 chars available
[dhdComUSB::DownloadCode():10.32.40.2389] - ReadFile done
[dhdComUSB::DownloadCode():10.32.40.2390] - Read 128 bytes
[dhdComUSB::DownloadCode():10.32.40.2391] - Sent 128 bytes
[dhdComUSB::DownloadCode():10.32.40.2508] - 128 chars available
[dhdComUSB::DownloadCode():10.32.40.2577] - ReadFile done
[dhdComUSB::DownloadCode():10.32.40.2578] - Read 128 bytes
[dhdComUSB::DownloadCode():10.32.40.2579] - Sent 128 bytes
[dhdComUSB::DownloadCode():10.32.40.2698] - 128 chars available
[dhdComUSB::DownloadCode():10.32.40.2769] - ReadFile done
[dhdComUSB::DownloadCode():10.32.40.2770] - Read 128 bytes
[dhdComUSB::DownloadCode():10.32.40.2771] - Sent 128 bytes
[dhdComUSB::DownloadCode():10.32.40.2888] - 128 chars available
[dhdComUSB::DownloadCode():10.32.40.2958] - ReadFile done
[dhdComUSB::DownloadCode():10.32.40.2959] - Read 128 bytes
[dhdComUSB::DownloadCode():10.32.40.2960] - Sent 128 bytes
[dhdComUSB::DownloadCode():10.32.40.3078] - 128 chars available
[dhdComUSB::DownloadCode():10.32.40.3149] - ReadFile done
[dhdComUSB::DownloadCode():10.32.40.3150] - Read 74 bytes
[dhdComUSB::DownloadCode():10.32.40.3151] - Sent 74 bytes
[dhdComUSB::DownloadCode():10.32.40.3227] - 74 chars available
[dhdComUSB::DownloadCode():10.32.40.3289] - ReadFile done
[dhdComUSB::DownloadCode():10.32.40.3290] - Download done
[dhdComUSB::open():10.32.40.3291] - Download status: 0
[dhdComUSB::OpenDeviceCommunications():10.32.40.3300] - Set Baud Rate Status: 0
[dhdComUSB::OpenDeviceCommunications():10.32.40.3610] - update() failed
[dhdComUSB::OpenDeviceCommunications():10.32.40.3923] - update() okay after 2 updates
[dhdComUSB::OpenDeviceCommunications():10.32.40.3924] - Returning 0
[dhdComUSB::changeGrip():10.32.40.5924] - New Grip: G_A
[dhdComUSB::changeGrip():10.32.40.5925] - Started grip change
[changeGripThreadFunc::10.32.40.5930] - deleting old grip object
[changeGripThreadFunc::10.32.40.5931] - Loading grip type G_A
[changeGripThreadFunc::10.32.40.5946] - Loading delta
[dhdDelta():10.32.40.5950] - Did not find FalconCommon.txt
[changeGripThreadFunc::10.32.40.5951] - Done loading new grip
[dhdComUSB::tryCalibration():10.32.40.7532] - HomeEnabled, LED Red
[dhdComUSB::processData():10.32.41.0293] - G_A
[dhdComUSB::processData():10.32.45.3515] - G_A
[dhdComUSB::processData():10.32.45.8514] - G_A
[dhdComUSB::processData():10.32.53.8628] - G_A
[dhdComUSB::processData():10.32.54.3629] - G_A
[dhdComUSB::processData():10.33.01.3692] - G_A
[dhdComUSB::processData():10.33.01.8702] - G_A
[dhdComUSB::processData():10.33.04.3744] - G_A
[dhdComUSB::processData():10.33.04.8745] - G_A
[dhdComUSB::processData():10.33.05.3755] - G_A
[dhdComUSB::processData():10.33.05.8756] - G_A
[dhdComUSB::processData():10.33.06.8765] - G_A
[dhdComUSB::processData():10.33.07.8779] - G_A
[dhdComUSB::processData():10.33.08.3776] - G_A
[dhdComUSB::processData():10.33.08.8776] - G_A
[dhdComUSB::processData():10.33.09.3796] - G_A
[dhdComUSB::processData():10.33.09.8802] - G_A
[dhdComUSB::processData():10.33.10.3810] - G_A
[dhdComUSB::processData():10.33.10.8818] - G_A
[dhdComUSB::processData():10.33.11.3819] - G_A
[dhdComUSB::tryCalibration():10.33.12.3089] - HomeDisabled, LED Blue
[dhdComUSB::processData():10.33.12.8830] - G_A
[dhdComUSB::processData():10.33.13.3829] - G_A
[dhdComUSB::processData():10.33.13.8840] - G_A
[dhdComUSB::processData():10.33.14.3840] - G_A
[dhdComUSB::processData():10.33.14.8860] - G_A
[dhdComUSB::processData():10.33.15.8861] - G_A
[dhdComUSB::processData():10.33.17.3872] - G_A
[dhdComUSB::processData():10.33.17.8892] - G_A
[dhdComUSB::processData():10.33.18.3903] - G_A
[dhdComUSB::processData():10.33.21.3924] - G_A
[dhdComUSB::processData():10.33.21.8927] - G_A
[dhdComUSB::processData():10.33.22.8935] - G_A
[dhdComUSB::processData():10.33.27.3997] - G_A
[dhdComUSB::processData():10.33.27.8998] - G_A
[dhdComUSB::processData():10.33.28.8999] - G_A
[dhdComUSB::processData():10.33.30.4020] - G_A
[dhdComUSB::processData():10.33.30.9040] - G_A
[dhdComUSB::processData():10.33.32.4042] - G_A
[dhdComUSB::processData():10.33.32.9051] - G_A
[dhdComUSB::processData():10.33.34.9082] - G_A
[dhdComUSB::processData():10.33.35.9082] - G_A
[dhdComUSB::processData():10.33.36.4082] - G_A
[dhdComUSB::processData():10.33.36.9103] - G_A
[dhdComUSB::processData():10.33.37.4103] - G_A
[dhdComUSB::processData():10.33.38.4114] - G_A
[dhdComUSB::processData():10.33.39.9124] - G_A
[dhdComUSB::processData():10.33.40.4124] - G_A
[dhdComUSB::processData():10.33.40.9135] - G_A
[dhdComUSB::processData():10.33.41.4136] - G_A
[dhdComUSB::processData():10.33.41.9156] - G_A
[dhdComUSB::processData():10.33.42.4156] - G_A
[dhdComUSB::processData():10.33.44.4168] - G_A
[dhdComUSB::processData():10.33.45.4188] - G_A
[dhdComUSB::processData():10.33.45.9239] - G_A
[dhdComUSB::processData():10.33.46.4199] - G_A
[dhdComUSB::processData():10.33.46.9199] - G_A
[dhdComUSB::processData():10.33.52.9260] - G_A
[dhdComUSB::processData():10.33.53.9281] - G_A
[dhdComUSB::processData():10.33.54.4271] - G_A
[dhdComUSB::processData():10.33.55.4282] - G_A
[dhdComUSB::processData():10.33.56.4302] - G_A
[dhdComUSB::processData():10.33.56.9313] - G_A
[dhdComUSB::processData():10.33.57.9323] - G_A
[dhdComUSB::processData():10.33.58.4314] - G_A
[dhdComUSB::processData():10.33.59.4334] - G_A
[dhdComUSB::processData():10.33.59.9348] - G_A
[dhdComUSB::processData():10.34.15.4499] - G_A
[dhdComUSB::processData():10.34.15.9510] - G_A
[dhdComUSB::processData():10.34.16.9520] - G_A
[dhdComUSB::processData():10.34.17.4521] - G_A
[dhdComUSB::processData():10.34.21.4562] - G_A
[dhdComUSB::processData():10.34.22.4583] - G_A
[dhdComUSB::processData():10.34.22.9593] - G_A
[dhdComUSB::processData():10.34.24.9605] - G_A
[dhdComUSB::processData():10.34.25.4604] - G_A
[dhdComUSB::processData():10.34.26.9607] - G_A
[dhdComUSB::processData():10.34.27.4628] - G_A
[dhdComUSB::processData():10.34.27.9626] - G_A
[dhdComUSB::processData():10.34.28.4639] - G_A
[dhdComUSB::processData():10.34.28.9637] - G_A
[dhdComUSB::processData():10.34.29.4648] - G_A
[dhdComUSB::processData():10.34.30.9670] - G_A
[dhdComUSB::processData():10.34.31.9679] - G_A
[dhdComUSB::processData():10.34.32.9690] - G_A
[dhdComUSB::processData():10.34.33.4681] - G_A
[dhdComUSB::processData():10.34.33.9691] - G_A
[dhdComUSB::processData():10.34.34.4691] - G_A
[dhdComUSB::processData():10.34.34.9713] - G_A
[dhdComUSB::processData():10.34.35.9723] - G_A
[dhdComUSB::processData():10.34.37.4723] - G_A
[dhdComUSB::processData():10.34.48.4850] - G_A
[dhdComUSB::processData():10.34.48.9860] - G_A
[dhdComUSB::processData():10.34.54.9901] - G_A
[dhdComUSB::processData():10.34.55.4912] - G_A
[dhdComUSB::processData():10.34.58.4954] - G_A
[dhdComUSB::processData():10.35.02.9987] - G_A
[dhdComUSB::processData():10.35.03.9996] - G_A
[dhdComUSB::processData():10.35.04.4997] - G_A
[dhdComUSB::processData():10.35.05.0010] - G_A
[dhdComUSB::processData():10.35.05.5020] - G_A
[dhdComUSB::processData():10.35.06.5030] - G_A
[dhdComUSB::processData():10.35.07.5050] - G_A
[dhdComUSB::processData():10.35.08.0033] - G_A
[dhdComUSB::processData():10.35.08.5050] - G_A
[dhdComUSB::processData():10.35.09.0051] - G_A
[dhdComUSB::processData():10.35.25.5221] - G_A
[dhdComUSB::processData():10.35.26.0220] - G_A
[dhdComUSB::processData():10.35.26.5230] - G_A
[dhdComUSB::processData():10.35.27.0222] - G_A
[dhdComUSB::processData():10.35.27.5231] - G_A
[dhdComUSB::processData():10.35.28.0231] - G_A
[dhdComUSB::processData():10.35.29.5241] - G_A
[dhdComUSB::processData():10.35.32.5273] - G_A
[dhdComUSB::processData():10.35.33.5294] - G_A
[dhdComUSB::processData():10.35.34.0294] - G_A
[dhdComUSB::processData():10.35.35.0310] - G_A
[dhdComUSB::processData():10.35.35.5310] - G_A
[dhdComUSB::processData():10.35.37.0322] - G_A
[dhdComUSB::processData():10.35.37.5323] - G_A
[dhdComUSB::processData():10.35.38.0332] - G_A
[dhdComUSB::processData():10.35.39.0342] - G_A
[dhdComUSB::processData():10.35.39.5343] - G_A
[dhdComUSB::processData():10.35.40.0363] - G_A
[dhdComUSB::processData():10.35.40.5364] - G_A
[dhdComUSB::processData():10.35.41.0364] - G_A
[dhdComUSB::processData():10.35.42.5384] - G_A
[dhdComUSB::processData():10.35.43.0395] - G_A
[dhdComUSB::processData():10.35.44.0396] - G_A
[dhdComUSB::processData():10.35.46.0417] - G_A
[dhdComUSB::processData():10.35.47.5430] - G_A
[dhdComUSB::processData():10.35.49.0449] - G_A
[dhdComUSB::processData():10.35.49.5459] - G_A
[dhdComUSB::processData():10.35.50.5443] - G_A
[dhdComUSB::processData():10.35.51.0452] - G_A
[dhdComUSB::processData():10.35.51.5461] - G_A
[dhdComUSB::processData():10.35.52.0470] - G_A
[dhdComUSB::processData():10.35.53.0483] - G_A
[dhdComUSB::processData():10.35.56.0522] - G_A
[dhdComUSB::processData():10.35.57.5523] - G_A
[dhdComUSB::processData():10.35.58.0532] - G_A
[dhdComUSB::processData():10.35.58.5532] - G_A
[dhdComUSB::processData():10.35.59.0542] - G_A
[dhdComUSB::processData():10.36.03.5595] - G_A
[dhdComUSB::processData():10.36.04.0586] - G_A
[dhdComUSB::processData():10.36.04.5595] - G_A
[dhdComUSB::processData():10.36.05.0605] - G_A
[dhdComUSB::processData():10.36.05.5617] - G_A
[dhdComUSB::processData():10.36.06.0617] - G_A
[dhdComUSB::processData():10.36.06.5617] - G_A
[dhdComUSB::processData():10.36.23.5793] - G_A
[dhdComUSB::processData():10.36.24.0794] - G_A
[dhdComUSB::processData():10.36.25.0804] - G_A
[dhdComUSB::processData():10.36.26.0816] - G_A
[dhdComUSB::processData():10.36.26.5817] - G_A
[dhdComUSB::processData():10.36.27.0816] - G_A
[dhdComUSB::processData():10.36.27.5835] - G_A
[dhdComUSB::processData():10.36.28.0837] - G_A
[dhdComUSB::processData():10.36.28.5847] - G_A
[dhdComUSB::processData():10.36.34.5911] - G_A
[dhdComUSB::processData():10.36.36.0913] - G_A
[dhdComUSB::processData():10.36.36.5922] - G_A
[dhdComUSB::processData():10.36.48.1028] - G_A
[dhdComUSB::processData():10.36.48.6038] - G_A
[dhdComUSB::processData():10.36.49.1038] - G_A
[dhdComUSB::processData():10.36.51.6070] - G_A
[dhdComUSB::processData():10.36.52.1081] - G_A
[dhdComUSB::processData():10.36.52.6082] - G_A
[dhdComUSB::processData():10.36.57.1128] - G_A
[dhdComUSB::processData():10.36.58.1139] - G_A
[dhdComUSB::processData():10.37.12.1277] - G_A
[dhdComUSB::processData():10.37.12.6287] - G_A
[dhdComUSB::processData():10.37.13.1279] - G_A
[dhdComUSB::processData():10.37.21.1377] - G_A
[dhdComUSB::processData():10.37.22.1388] - G_A
[dhdComUSB::processData():10.37.22.6389] - G_A
[dhdComUSB::processData():10.37.23.1389] - G_A
[dhdComUSB::processData():10.37.25.1400] - G_A
[dhdComUSB::processData():10.37.26.6423] - G_A
[dhdComUSB::processData():10.37.27.1422] - G_A
[dhdComUSB::processData():10.37.27.6432] - G_A
[dhdComUSB::processData():10.37.28.6433] - G_A
[dhdComUSB::processData():10.37.29.6443] - G_A
[dhdComUSB::processData():10.37.56.1733] - G_A
[dhdComUSB::processData():10.37.56.6734] - G_A
[dhdComUSB::processData():10.38.01.6795] - G_A
[dhdComUSB::processData():10.38.02.1802] - G_A
[dhdComUSB::processData():10.38.06.1834] - G_A
[dhdComUSB::processData():10.38.06.6835] - G_A
[dhdComUSB::processData():10.38.08.6865] - G_A
[dhdComUSB::processData():10.38.09.1876] - G_A
[dhdComUSB::processData():10.38.10.1876] - G_A
[dhdComUSB::processData():10.38.11.1887] - G_A
[dhdComUSB::processData():10.38.12.6898] - G_A
[dhdComUSB::processData():10.38.14.6919] - G_A
[dhdComUSB::processData():10.38.15.6930] - G_A
[dhdComUSB::processData():10.38.17.1961] - G_A
[dhdComUSB::processData():10.38.27.2057] - G_A
[dhdComUSB::processData():10.38.28.2067] - G_A
[dhdComUSB::dhdComUSB():10.42.37.5429] - Constructor
[dhdComUSB::close():10.42.37.5429] - Closed
